<?xml version="1.0" encoding="UTF-8"?>
<testng-results ignored="0" total="1" passed="1" failed="0" skipped="0">
  <reporter-output>
  </reporter-output>
  <suite started-at="2022-12-01T16:57:41 AST" name="Default suite" finished-at="2022-12-01T16:58:34 AST" duration-ms="53358">
    <groups>
    </groups>
    <test started-at="2022-12-01T16:57:41 AST" name="Default test" finished-at="2022-12-01T16:58:34 AST" duration-ms="53358">
      <class name="smartbuyDiscount">
        <test-method is-config="true" signature="doBeforeStart()[pri:0, instance:smartbuyDiscount@4135c3b]" started-at="2022-12-01T16:57:41 AST" name="doBeforeStart" finished-at="2022-12-01T16:58:21 AST" duration-ms="40100" status="PASS">
          <reporter-output>
          </reporter-output>
        </test-method> <!-- doBeforeStart -->
        <test-method signature="discount()[pri:0, instance:smartbuyDiscount@4135c3b]" started-at="2022-12-01T16:58:22 AST" name="discount" finished-at="2022-12-01T16:58:34 AST" duration-ms="12560" status="PASS">
          <reporter-output>
          </reporter-output>
        </test-method> <!-- discount -->
      </class> <!-- smartbuyDiscount -->
    </test> <!-- Default test -->
  </suite> <!-- Default suite -->
</testng-results>
